
# first clean up the mess from the last run.
rm -f RESTART* DENSITY* EL* LATEST GEOMETRY* GSHELL *.tga\
    *.cube *.pdb IONS+CENTER* WANNIER* OVERLAP WFNCOEF
+ rm -f 'RESTART*' 'DENSITY*' 'EL*' LATEST 'GEOMETRY*' GSHELL '*.tga' b2h6-dens.cube b2h6-elf.cube b2h6-elpot.cube b2h6-local-1.1.cube b2h6-local-1.2.cube b2h6-local-1.3.cube b2h6-local-1.4.cube b2h6-local-1.5.cube b2h6-local-1.6.cube b2h6-orb-01.cube b2h6-orb-06.cube b2h6-orb-07.cube b2h6-orb-08.cube b2h6-rho.cube '*.pdb' 'IONS+CENTER*' 'WANNIER*' OVERLAP WFNCOEF

# optimize the wf and get a first set of 'DENSITY' format files...
./cpmd.x b2h6-wf.inp . > b2h6-wf.out.`arch`
+ ./cpmd.x b2h6-wf.inp .
arch
++ arch
FORTRAN STOP
if [ $c2c ]
then
  ./cpmd2cube.x -o b2h6-elf   -rho -halfmesh  ELF 
  ./cpmd2cube.x -o b2h6-dens  -rho -halfmesh  DENSITY
  ./cpmd2cube.x -o b2h6-elpot -rho -halfmesh  ELPOT
fi
+ '[' 1 ']'
+ ./cpmd2cube.x -o b2h6-elf -rho -halfmesh ELF

.read input file ... done
I think you stored a density (sum^2 =  0.45766015E-01)
.building g vectors ... done
 create pdb file b2h6-elf.pdb... done
.handling file ELF
real-space grid was: 120      120      144;   using:      120      120      144
 .calculate density ... done   
 Integral() =     131619.7471618642         8097.999644524978           2073600
 Integral|| =     132573.6403683480         8097.999644524978           2073600
 creating cube file b2h6-elf.cube... done

+ ./cpmd2cube.x -o b2h6-dens -rho -halfmesh DENSITY

.read input file ... done
I think you stored a density (sum^2 =  0.12577847E-03)
.building g vectors ... done
 create pdb file b2h6-dens.pdb... done
.handling file DENSITY
real-space grid was: 120      120      144;   using:      120      120      144
 .calculate density ... done   
 Integral() =     3072.758951783147         8097.999644524978           2073600
 Integral|| =     3072.758957807485         8097.999644524978           2073600
 creating cube file b2h6-dens.cube... done

+ ./cpmd2cube.x -o b2h6-elpot -rho -halfmesh ELPOT

.read input file ... done
I think you stored a density (sum^2 =  0.78215795E-03)
.building g vectors ... done
 create pdb file b2h6-elpot.pdb... done
.handling file ELPOT
real-space grid was: 120      120      144;   using:      120      120      144
 .calculate density ... done   
 Integral() =    -6436.015784740445         8097.999644524978           2073600
 Integral|| =     9630.491594657733         8097.999644524978           2073600
 creating cube file b2h6-elpot.cube... done


# and calculate lots of properties
./cpmd.x b2h6-prop.inp . > b2h6-prop.out.`arch`
+ ./cpmd.x b2h6-prop.inp .
arch
++ arch
FORTRAN STOP
if [ $c2c ]
then
  ./cpmd2cube.x -o b2h6-local- -psi -halfmesh WANNIER_1.[0-9]*
fi
+ '[' 1 ']'
+ ./cpmd2cube.x -o b2h6-local- -psi -halfmesh WANNIER_1.1 WANNIER_1.2 WANNIER_1.3 WANNIER_1.4 WANNIER_1.5 WANNIER_1.6

.read input file ... done
I think you stored a wavefunction (sum^2 =  0.10000000E+01)
.building g vectors ... done
 create pdb file b2h6-local-1.pdb... done
.handling file WANNIER_1.1
real-space grid was: 120      120      144;   using:      120      120      144
 .calculate density ... done   
 Integral() =     231797.2412109382         8097.999644524978           2073600
 Integral|| =     317644.9473335897         8097.999644524978           2073600
 creating cube file b2h6-local-1.1.cube... done
.read input file ... done
I think you stored a wavefunction (sum^2 =  0.10000000E+01)
.building g vectors ... done
 create pdb file b2h6-local-1.pdb... done
.handling file WANNIER_1.2
real-space grid was: 120      120      144;   using:      120      120      144
 .calculate density ... done   
 Integral() =     124288.9866828942         8097.999644524978           2073600
 Integral|| =     319128.9055678755         8097.999644524978           2073600
 creating cube file b2h6-local-1.2.cube... done
.read input file ... done
I think you stored a wavefunction (sum^2 =  0.10000000E+01)
.building g vectors ... done
 create pdb file b2h6-local-1.pdb... done
.handling file WANNIER_1.3
real-space grid was: 120      120      144;   using:      120      120      144
 .calculate density ... done   
 Integral() =     231797.8746414180         8097.999644524978           2073600
 Integral|| =     317647.9555305786         8097.999644524978           2073600
 creating cube file b2h6-local-1.3.cube... done
.read input file ... done
I think you stored a wavefunction (sum^2 =  0.10000000E+01)
.building g vectors ... done
 create pdb file b2h6-local-1.pdb... done
.handling file WANNIER_1.4
real-space grid was: 120      120      144;   using:      120      120      144
 .calculate density ... done   
 Integral() =    -231797.2566604595         8097.999644524978           2073600
 Integral|| =     317644.9425495452         8097.999644524978           2073600
 creating cube file b2h6-local-1.4.cube... done
.read input file ... done
I think you stored a wavefunction (sum^2 =  0.10000000E+01)
.building g vectors ... done
 create pdb file b2h6-local-1.pdb... done
.handling file WANNIER_1.5
real-space grid was: 120      120      144;   using:      120      120      144
 .calculate density ... done   
 Integral() =    -124288.9789581302         8097.999644524978           2073600
 Integral|| =     319128.9112505537         8097.999644524978           2073600
 creating cube file b2h6-local-1.5.cube... done
.read input file ... done
I think you stored a wavefunction (sum^2 =  0.10000000E+01)
.building g vectors ... done
 create pdb file b2h6-local-1.pdb... done
.handling file WANNIER_1.6
real-space grid was: 120      120      144;   using:      120      120      144
 .calculate density ... done   
 Integral() =    -231797.8746414159         8097.999644524978           2073600
 Integral|| =     317647.9515504841         8097.999644524978           2073600
 creating cube file b2h6-local-1.6.cube... done

mv RHO_TOT.cube b2h6-rho.cube
+ mv RHO_TOT.cube b2h6-rho.cube
mv IONS+CENTERS.xyz b2h6-wc.xyz
+ mv IONS+CENTERS.xyz b2h6-wc.xyz

# diagonalize the remaining KS orbitals...
./cpmd.x b2h6-ks.inp . > b2h6-ks.out.`arch`
+ ./cpmd.x b2h6-ks.inp .
arch
++ arch
FORTRAN STOP

# now get some KS orbitals
./cpmd.x b2h6-ksorbs.inp . > b2h6-ksorbs.out.`arch`
+ ./cpmd.x b2h6-ksorbs.inp .
arch
++ arch
FORTRAN STOP

# rename the next batch of outputs.
for f in 01 02 03 04 05 06 07 08 09 10 11 12 13 14
do
  test -f PSI.0$f.cube && mv PSI.0$f.cube b2h6-orb-$f.cube
done
+ test -f PSI.001.cube
+ mv PSI.001.cube b2h6-orb-01.cube
+ test -f PSI.002.cube
+ test -f PSI.003.cube
+ test -f PSI.004.cube
+ test -f PSI.005.cube
+ test -f PSI.006.cube
+ mv PSI.006.cube b2h6-orb-06.cube
+ test -f PSI.007.cube
+ mv PSI.007.cube b2h6-orb-07.cube
+ test -f PSI.008.cube
+ mv PSI.008.cube b2h6-orb-08.cube
+ test -f PSI.009.cube
+ test -f PSI.010.cube
+ test -f PSI.011.cube
+ test -f PSI.012.cube
+ test -f PSI.013.cube
+ test -f PSI.014.cube

# use vmd to generate a picture gallery.
if [ $vmd ]
then
  vmd -dispdev none -size 600 400 -e b2h6-wannier.vmd
  if [ $c2c ]
  then
    vmd -dispdev none -size 600 400 -e b2h6-dens.vmd
    vmd -dispdev none -size 600 400 -e b2h6-elpot.vmd
    vmd -dispdev none -size 600 400 -e b2h6-elf.vmd
    vmd -dispdev none -size 600 400 -e b2h6-local-orbs.vmd
  fi
  vmd -dispdev none -size 600 400 -e b2h6-rho.vmd
  vmd -dispdev none -size 600 400 -e b2h6-ksorb-1.vmd
  vmd -dispdev none -size 600 400 -e b2h6-ksorb-6.vmd
  vmd -dispdev none -size 600 400 -e b2h6-ksorb-7.vmd
  vmd -dispdev none -size 600 400 -e b2h6-ksorb-8.vmd
fi
+ '[' 1 ']'
+ vmd -dispdev none -size 600 400 -e b2h6-wannier.vmd
Unable to change color name
Found 1 plugins or data handlers in directory
	'/home/akohlmey/vmd/plugins/LINUX/molfile'.
/home/akohlmey/vmd/plugins/noarch/tcl/gaussfe /opt/vmd-1.8.2/lib/scripts/tcl /opt/vmd-1.8.2/lib/scripts /opt/vmd-1.8.2/lib /usr/local/lib /opt/vmd-1.8.2/lib/scripts/vmd /opt/vmd-1.8.2/lib/plugins/LINUX/tcl /opt/vmd-1.8.2/lib/plugins/noarch/tcl
/home/akohlmey/vmd/plugins/LINUX/tcl/hey /home/akohlmey/vmd/plugins/noarch/tcl/gaussfe /opt/vmd-1.8.2/lib/scripts/tcl /opt/vmd-1.8.2/lib/scripts /opt/vmd-1.8.2/lib /usr/local/lib /opt/vmd-1.8.2/lib/scripts/vmd /opt/vmd-1.8.2/lib/plugins/LINUX/tcl /opt/vmd-1.8.2/lib/plugins/noarch/tcl
/home/akohlmey/vmd/scripts/tcl /home/akohlmey/vmd/plugins/LINUX/tcl/hey /home/akohlmey/vmd/plugins/noarch/tcl/gaussfe /opt/vmd-1.8.2/lib/scripts/tcl /opt/vmd-1.8.2/lib/scripts /opt/vmd-1.8.2/lib /usr/local/lib /opt/vmd-1.8.2/lib/scripts/vmd /opt/vmd-1.8.2/lib/plugins/LINUX/tcl /opt/vmd-1.8.2/lib/plugins/noarch/tcl
Gaussian Frontend activated
0
{{1.000000 0.000000 0.000000 -2.354114} {0.000000 1.000000 0.000000 -2.354114} {0.000000 0.000000 1.000000 -2.824943} {0.000000 0.000000 0.000000 1.000000}} {{0.255082 -0.079068 0.963682 0.000000} {0.705179 0.697108 -0.129461 0.000000} {-0.661556 0.712593 0.233577 0.000000} {0.000000 0.000000 0.000000 1.000000}} {{0.801419 0.000000 0.000000 0.000000} {0.000000 0.801419 0.000000 0.000000} {0.000000 0.000000 0.801419 0.000000} {0.000000 0.000000 0.000000 1.000000}} {{1.000000 0.000000 0.000000 0.000000} {0.000000 1.000000 0.000000 0.000000} {0.000000 0.000000 1.000000 0.000000} {0.000000 0.000000 0.000000 1.000000}}
0
0
vmd > Info) VMD for LINUX, version 1.8.2 (December 4, 2003)
Info) http://www.ks.uiuc.edu/Research/vmd/                         
Info) Email questions and bug reports to vmd@ks.uiuc.edu           
Info) Please include this reference in published work using VMD:   
Info)    Humphrey, W., Dalke, A. and Schulten, K., `VMD - Visual   
Info)    Molecular Dynamics', J. Molec. Graphics 1996, 14.1, 33-38.
Info) -------------------------------------------------------------
Info) Multithreading available, 1 CPU detected.
Info) Using plugin xyz for structure file b2h6-wc.xyz
Info) Using plugin xyz for coordinates from file b2h6-wc.xyz
Info) Determining bond structure from distance search ...
ERROR) MolAtom 0: Exceeded maximum number of bonds (8).
ERROR) MolAtom 0: Exceeded maximum number of bonds (8).
ERROR) MolAtom 8: Exceeded maximum number of bonds (8).
ERROR) MolAtom 9: Exceeded maximum number of bonds (8).
ERROR) MolAtom 10: Exceeded maximum number of bonds (8).
ERROR) MolAtom 11: Exceeded maximum number of bonds (8).
ERROR) MolAtom 12: Exceeded maximum number of bonds (8).
ERROR) MolAtom 13: Exceeded maximum number of bonds (8).
ERROR) MolAtom 0: Exceeded maximum number of bonds (8).
ERROR) MolAtom 0: Exceeded maximum number of bonds (8).
ERROR) MolAtom 3: Exceeded maximum number of bonds (8).
ERROR) MolAtom 8: Exceeded maximum number of bonds (8).
ERROR) MolAtom 9: Exceeded maximum number of bonds (8).
ERROR) MolAtom 10: Exceeded maximum number of bonds (8).
ERROR) MolAtom 11: Exceeded maximum number of bonds (8).
ERROR) MolAtom 12: Exceeded maximum number of bonds (8).
ERROR) MolAtom 13: Exceeded maximum number of bonds (8).
ERROR) MolAtom 1: Exceeded maximum number of bonds (8).
ERROR) MolAtom 2: Exceeded maximum number of bonds (8).
ERROR) MolAtom 1: Exceeded maximum number of bonds (8).
ERROR) MolAtom 1: Exceeded maximum number of bonds (8).
ERROR) MolAtom 1: Exceeded maximum number of bonds (8).
Info) Finished with coordinate file b2h6-wc.xyz.
Info) Analyzing structure ...
Info)    Atoms: 14
Info)    Residues: 4
Info)    Waters: 0
Info)    Segments: 1
Info)    Fragments: 4   Protein: 0   Nucleic: 0
Info) Rendering current scene to 'b2h6-wannier.tga' ...
Info) Tachyon: preprocessing time 0.000347 sec, render time 0.714432 sec.
Info) Rendering complete.
Info) VMD for LINUX, version 1.8.2 (December 4, 2003)
Info) Exiting normally.
+ '[' 1 ']'
+ vmd -dispdev none -size 600 400 -e b2h6-dens.vmd
Unable to change color name
Found 1 plugins or data handlers in directory
	'/home/akohlmey/vmd/plugins/LINUX/molfile'.
/home/akohlmey/vmd/plugins/noarch/tcl/gaussfe /opt/vmd-1.8.2/lib/scripts/tcl /opt/vmd-1.8.2/lib/scripts /opt/vmd-1.8.2/lib /usr/local/lib /opt/vmd-1.8.2/lib/scripts/vmd /opt/vmd-1.8.2/lib/plugins/LINUX/tcl /opt/vmd-1.8.2/lib/plugins/noarch/tcl
/home/akohlmey/vmd/plugins/LINUX/tcl/hey /home/akohlmey/vmd/plugins/noarch/tcl/gaussfe /opt/vmd-1.8.2/lib/scripts/tcl /opt/vmd-1.8.2/lib/scripts /opt/vmd-1.8.2/lib /usr/local/lib /opt/vmd-1.8.2/lib/scripts/vmd /opt/vmd-1.8.2/lib/plugins/LINUX/tcl /opt/vmd-1.8.2/lib/plugins/noarch/tcl
/home/akohlmey/vmd/scripts/tcl /home/akohlmey/vmd/plugins/LINUX/tcl/hey /home/akohlmey/vmd/plugins/noarch/tcl/gaussfe /opt/vmd-1.8.2/lib/scripts/tcl /opt/vmd-1.8.2/lib/scripts /opt/vmd-1.8.2/lib /usr/local/lib /opt/vmd-1.8.2/lib/scripts/vmd /opt/vmd-1.8.2/lib/plugins/LINUX/tcl /opt/vmd-1.8.2/lib/plugins/noarch/tcl
Gaussian Frontend activated
cubeplugin) trying to read cube data set 0
0
{{1.000000 0.000000 0.000000 -5.000000} {0.000000 1.000000 0.000000 -5.000000} {0.000000 0.000000 1.000000 -6.000008} {0.000000 0.000000 0.000000 1.000000}} {{-0.158073 0.056051 -0.985835 0.000000} {-0.536720 0.833144 0.133429 0.000000} {0.828822 0.550209 -0.101613 0.000000} {0.000000 0.000000 0.000000 1.000000}} {{0.512046 0.000000 0.000000 0.000000} {0.000000 0.512046 0.000000 0.000000} {0.000000 0.000000 0.512046 0.000000} {0.000000 0.000000 0.000000 1.000000}} {{1.000000 0.000000 0.000000 0.000000} {0.000000 1.000000 0.000000 0.000000} {0.000000 0.000000 1.000000 0.000000} {0.000000 0.000000 0.000000 1.000000}}
0
0
Unable to change color name
vmd > Info) VMD for LINUX, version 1.8.2 (December 4, 2003)
Info) http://www.ks.uiuc.edu/Research/vmd/                         
Info) Email questions and bug reports to vmd@ks.uiuc.edu           
Info) Please include this reference in published work using VMD:   
Info)    Humphrey, W., Dalke, A. and Schulten, K., `VMD - Visual   
Info)    Molecular Dynamics', J. Molec. Graphics 1996, 14.1, 33-38.
Info) -------------------------------------------------------------
Info) Multithreading available, 1 CPU detected.
Info) Using plugin cube for structure file b2h6-dens.cube
Info) Computing volume gradient map for smooth shading...
Info) Added volume data, name=Gaussian Cube: DENSITY: cube file created from cpmd Wannier file: DENSITY
Info) Using plugin cube for coordinates from file b2h6-dens.cube
Info) Determining bond structure from distance search ...
Info) Finished with coordinate file b2h6-dens.cube.
Info) Analyzing structure ...
Info)    Atoms: 8
Info)    Residues: 1
Info)    Waters: 0
Info)    Segments: 1
Info)    Fragments: 1   Protein: 0   Nucleic: 0
Info) Computing isosurface using isovalue: 0.010000
Info) Computed isosurface: 5720 triangles
Info) Computing isosurface using isovalue: 0.010000
Info) Computed isosurface: 5720 triangles
Info) Computing isosurface using isovalue: 0.120000
Info) Computed isosurface: 1968 triangles
Info) Computing isosurface using isovalue: 0.120000
Info) Computed isosurface: 1968 triangles
Info) Rendering current scene to 'b2h6-dens.tga' ...
Info) Tachyon: preprocessing time 0.016747 sec, render time 2.621839 sec.
Info) Rendering complete.
Info) VMD for LINUX, version 1.8.2 (December 4, 2003)
Info) Exiting normally.
+ vmd -dispdev none -size 600 400 -e b2h6-elpot.vmd
Unable to change color name
Found 1 plugins or data handlers in directory
	'/home/akohlmey/vmd/plugins/LINUX/molfile'.
/home/akohlmey/vmd/plugins/noarch/tcl/gaussfe /opt/vmd-1.8.2/lib/scripts/tcl /opt/vmd-1.8.2/lib/scripts /opt/vmd-1.8.2/lib /usr/local/lib /opt/vmd-1.8.2/lib/scripts/vmd /opt/vmd-1.8.2/lib/plugins/LINUX/tcl /opt/vmd-1.8.2/lib/plugins/noarch/tcl
/home/akohlmey/vmd/plugins/LINUX/tcl/hey /home/akohlmey/vmd/plugins/noarch/tcl/gaussfe /opt/vmd-1.8.2/lib/scripts/tcl /opt/vmd-1.8.2/lib/scripts /opt/vmd-1.8.2/lib /usr/local/lib /opt/vmd-1.8.2/lib/scripts/vmd /opt/vmd-1.8.2/lib/plugins/LINUX/tcl /opt/vmd-1.8.2/lib/plugins/noarch/tcl
/home/akohlmey/vmd/scripts/tcl /home/akohlmey/vmd/plugins/LINUX/tcl/hey /home/akohlmey/vmd/plugins/noarch/tcl/gaussfe /opt/vmd-1.8.2/lib/scripts/tcl /opt/vmd-1.8.2/lib/scripts /opt/vmd-1.8.2/lib /usr/local/lib /opt/vmd-1.8.2/lib/scripts/vmd /opt/vmd-1.8.2/lib/plugins/LINUX/tcl /opt/vmd-1.8.2/lib/plugins/noarch/tcl
Gaussian Frontend activated
cubeplugin) trying to read cube data set 0
0
{{1.000000 0.000000 0.000000 -5.000000} {0.000000 1.000000 0.000000 -5.000000} {0.000000 0.000000 1.000000 -6.000008} {0.000000 0.000000 0.000000 1.000000}} {{-0.158073 0.056051 -0.985835 0.000000} {-0.536720 0.833144 0.133429 0.000000} {0.828822 0.550209 -0.101613 0.000000} {0.000000 0.000000 0.000000 1.000000}} {{0.512046 0.000000 0.000000 0.000000} {0.000000 0.512046 0.000000 0.000000} {0.000000 0.000000 0.512046 0.000000} {0.000000 0.000000 0.000000 1.000000}} {{1.000000 0.000000 0.000000 0.000000} {0.000000 1.000000 0.000000 0.000000} {0.000000 0.000000 1.000000 0.000000} {0.000000 0.000000 0.000000 1.000000}}
0
0
Unable to change color name
vmd > Info) VMD for LINUX, version 1.8.2 (December 4, 2003)
Info) http://www.ks.uiuc.edu/Research/vmd/                         
Info) Email questions and bug reports to vmd@ks.uiuc.edu           
Info) Please include this reference in published work using VMD:   
Info)    Humphrey, W., Dalke, A. and Schulten, K., `VMD - Visual   
Info)    Molecular Dynamics', J. Molec. Graphics 1996, 14.1, 33-38.
Info) -------------------------------------------------------------
Info) Multithreading available, 1 CPU detected.
Info) Using plugin cube for structure file b2h6-elpot.cube
Info) Computing volume gradient map for smooth shading...
Info) Added volume data, name=Gaussian Cube: DENSITY: cube file created from cpmd Wannier file: ELPOT
Info) Using plugin cube for coordinates from file b2h6-elpot.cube
Info) Determining bond structure from distance search ...
Info) Finished with coordinate file b2h6-elpot.cube.
Info) Analyzing structure ...
Info)    Atoms: 8
Info)    Residues: 1
Info)    Waters: 0
Info)    Segments: 1
Info)    Fragments: 1   Protein: 0   Nucleic: 0
Info) Computing isosurface using isovalue: -0.150000
Info) Computed isosurface: 2264 triangles
Info) Computing isosurface using isovalue: -0.150000
Info) Computed isosurface: 2264 triangles
Info) Computing isosurface using isovalue: 0.050000
Info) Computed isosurface: 1008 triangles
Info) Computing isosurface using isovalue: 0.050000
Info) Computed isosurface: 1008 triangles
Info) Rendering current scene to 'b2h6-elpot.tga' ...
Info) Tachyon: preprocessing time 0.007180 sec, render time 1.513998 sec.
Info) Rendering complete.
Info) VMD for LINUX, version 1.8.2 (December 4, 2003)
Info) Exiting normally.
+ vmd -dispdev none -size 600 400 -e b2h6-elf.vmd
Unable to change color name
Found 1 plugins or data handlers in directory
	'/home/akohlmey/vmd/plugins/LINUX/molfile'.
/home/akohlmey/vmd/plugins/noarch/tcl/gaussfe /opt/vmd-1.8.2/lib/scripts/tcl /opt/vmd-1.8.2/lib/scripts /opt/vmd-1.8.2/lib /usr/local/lib /opt/vmd-1.8.2/lib/scripts/vmd /opt/vmd-1.8.2/lib/plugins/LINUX/tcl /opt/vmd-1.8.2/lib/plugins/noarch/tcl
/home/akohlmey/vmd/plugins/LINUX/tcl/hey /home/akohlmey/vmd/plugins/noarch/tcl/gaussfe /opt/vmd-1.8.2/lib/scripts/tcl /opt/vmd-1.8.2/lib/scripts /opt/vmd-1.8.2/lib /usr/local/lib /opt/vmd-1.8.2/lib/scripts/vmd /opt/vmd-1.8.2/lib/plugins/LINUX/tcl /opt/vmd-1.8.2/lib/plugins/noarch/tcl
/home/akohlmey/vmd/scripts/tcl /home/akohlmey/vmd/plugins/LINUX/tcl/hey /home/akohlmey/vmd/plugins/noarch/tcl/gaussfe /opt/vmd-1.8.2/lib/scripts/tcl /opt/vmd-1.8.2/lib/scripts /opt/vmd-1.8.2/lib /usr/local/lib /opt/vmd-1.8.2/lib/scripts/vmd /opt/vmd-1.8.2/lib/plugins/LINUX/tcl /opt/vmd-1.8.2/lib/plugins/noarch/tcl
Gaussian Frontend activated
cubeplugin) trying to read cube data set 0
0
{{1.000000 0.000000 0.000000 -5.000000} {0.000000 1.000000 0.000000 -5.000000} {0.000000 0.000000 1.000000 -6.000008} {0.000000 0.000000 0.000000 1.000000}} {{-0.158073 0.056051 -0.985835 0.000000} {-0.536720 0.833144 0.133429 0.000000} {0.828822 0.550209 -0.101613 0.000000} {0.000000 0.000000 0.000000 1.000000}} {{0.512046 0.000000 0.000000 0.000000} {0.000000 0.512046 0.000000 0.000000} {0.000000 0.000000 0.512046 0.000000} {0.000000 0.000000 0.000000 1.000000}} {{1.000000 0.000000 0.000000 0.000000} {0.000000 1.000000 0.000000 0.000000} {0.000000 0.000000 1.000000 0.000000} {0.000000 0.000000 0.000000 1.000000}}
0
0
Unable to change color name
vmd > Info) VMD for LINUX, version 1.8.2 (December 4, 2003)
Info) http://www.ks.uiuc.edu/Research/vmd/                         
Info) Email questions and bug reports to vmd@ks.uiuc.edu           
Info) Please include this reference in published work using VMD:   
Info)    Humphrey, W., Dalke, A. and Schulten, K., `VMD - Visual   
Info)    Molecular Dynamics', J. Molec. Graphics 1996, 14.1, 33-38.
Info) -------------------------------------------------------------
Info) Multithreading available, 1 CPU detected.
Info) Using plugin cube for structure file b2h6-elf.cube
Info) Computing volume gradient map for smooth shading...
Info) Added volume data, name=Gaussian Cube: DENSITY: cube file created from cpmd Wannier file: ELF
Info) Using plugin cube for coordinates from file b2h6-elf.cube
Info) Determining bond structure from distance search ...
Info) Finished with coordinate file b2h6-elf.cube.
Info) Analyzing structure ...
Info)    Atoms: 8
Info)    Residues: 1
Info)    Waters: 0
Info)    Segments: 1
Info)    Fragments: 1   Protein: 0   Nucleic: 0
Info) Computing isosurface using isovalue: 0.950000
Info) Computed isosurface: 8176 triangles
Info) Computing isosurface using isovalue: 0.950000
Info) Computed isosurface: 8176 triangles
Info) Rendering current scene to 'b2h6-elf.tga' ...
Info) Tachyon: preprocessing time 0.019077 sec, render time 4.056086 sec.
Info) Rendering complete.
Info) VMD for LINUX, version 1.8.2 (December 4, 2003)
Info) Exiting normally.
+ vmd -dispdev none -size 600 400 -e b2h6-local-orbs.vmd
Unable to change color name
Found 1 plugins or data handlers in directory
	'/home/akohlmey/vmd/plugins/LINUX/molfile'.
/home/akohlmey/vmd/plugins/noarch/tcl/gaussfe /opt/vmd-1.8.2/lib/scripts/tcl /opt/vmd-1.8.2/lib/scripts /opt/vmd-1.8.2/lib /usr/local/lib /opt/vmd-1.8.2/lib/scripts/vmd /opt/vmd-1.8.2/lib/plugins/LINUX/tcl /opt/vmd-1.8.2/lib/plugins/noarch/tcl
/home/akohlmey/vmd/plugins/LINUX/tcl/hey /home/akohlmey/vmd/plugins/noarch/tcl/gaussfe /opt/vmd-1.8.2/lib/scripts/tcl /opt/vmd-1.8.2/lib/scripts /opt/vmd-1.8.2/lib /usr/local/lib /opt/vmd-1.8.2/lib/scripts/vmd /opt/vmd-1.8.2/lib/plugins/LINUX/tcl /opt/vmd-1.8.2/lib/plugins/noarch/tcl
/home/akohlmey/vmd/scripts/tcl /home/akohlmey/vmd/plugins/LINUX/tcl/hey /home/akohlmey/vmd/plugins/noarch/tcl/gaussfe /opt/vmd-1.8.2/lib/scripts/tcl /opt/vmd-1.8.2/lib/scripts /opt/vmd-1.8.2/lib /usr/local/lib /opt/vmd-1.8.2/lib/scripts/vmd /opt/vmd-1.8.2/lib/plugins/LINUX/tcl /opt/vmd-1.8.2/lib/plugins/noarch/tcl
Gaussian Frontend activated
cubeplugin) trying to read cube data set 0
0
cubeplugin) trying to read cube data set 0
0
cubeplugin) trying to read cube data set 0
0
cubeplugin) trying to read cube data set 0
0
cubeplugin) trying to read cube data set 0
0
cubeplugin) trying to read cube data set 0
0
Info) VMD for LINUX, version 1.8.2 (December 4, 2003)
Info) http://www.ks.uiuc.edu/Research/vmd/                         
Info) Email questions and bug reports to vmd@ks.uiuc.edu           
Info) Please include this reference in published work using VMD:   
Info)    Humphrey, W., Dalke, A. and Schulten, K., `VMD - Visual   
Info)    Molecular Dynamics', J. Molec. Graphics 1996, 14.1, 33-38.
Info) -------------------------------------------------------------
Info) Multithreading available, 1 CPU detected.
Info) Using plugin cube for structure file b2h6-local-1.1.cube
Info) Computing volume gradient map for smooth shading...
Info) Added volume data, name=Gaussian Cube: WAVEFUNCTION: cube file created from cpmd Wannier file: WANNIER_1.1
Info) Using plugin cube for coordinates from file b2h6-local-1.1.cube
Info) Determining bond structure from distance search ...
Info) Finished with coordinate file b2h6-local-1.1.cube.
Info) Analyzing structure ...
Info)    Atoms: 8
Info)    Residues: 1
Info)    Waters: 0
Info)    Segments: 1
Info)    Fragments: 1   Protein: 0   Nucleic: 0
Info) Computing volume gradient map for smooth shading...
Info) Added volume data, name=Gaussian Cube: WAVEFUNCTION: cube file created from cpmd Wannier file: WANNIER_1.2
Info) Using plugin cube for coordinates from file b2h6-local-1.2.cube
Info) Finished with coordinate file b2h6-local-1.2.cube.
Info) Computing volume gradient map for smooth shading...
Info) Added volume data, name=Gaussian Cube: WAVEFUNCTION: cube file created from cpmd Wannier file: WANNIER_1.3
Info) Using plugin cube for coordinates from file b2h6-local-1.3.cube
Info) Finished with coordinate file b2h6-local-1.3.cube.
Info) Computing volume gradient map for smooth shading...
Info) Added volume data, name=Gaussian Cube: WAVEFUNCTION: cube file created from cpmd Wannier file: WANNIER_1.4
Info) Using plugin cube for coordinates from file b2h6-local-1.4.cube
Info) Finished with coordinate file b2h6-local-1.4.cube.
Info) Computing volume gradient map for smooth shading...
Info) Added volume data, name=Gaussian Cube: WAVEFUNCTION: cube file created from cpmd Wannier file: WANNIER_1.5
Info) Using plugin cube for coordinates from file b2h6-local-1.5.cube
Info) Finished with coordinate file b2h6-local-1.5.cube.
Info) Computing volume gradient map for smooth shading...
Info) Added volume data, name=Gaussian Cube: WAVEFUNCTION: cube file created from cpmd Wannier file: WANNIER_1.6
Info) Using plugin cube for coordinates from file b2h6-local-1.6.cube
Info) Finished with coordinate file b2h6-local-1.6.cube.
Info) Computing isosurface using isovalue: 0.100000
Info) Computed isosurface: 1180 triangles
Info) Computing isosurface using isovalue: 0.100000
Info) Computed isosurface: 1180 triangles
Info) Computing isosurface using isovalue: 0.100000
Info) Computed isosurface: 1200 triangles
Info) Computing isosurface using isovalue: 0.100000
Info) Computed isosurface: 1200 triangles
Info) Computing isosurface using isovalue: 0.100000
Info) Computed isosurface: 1180 triangles
Info) Computing isosurface using isovalue: 0.100000
Info) Computed isosurface: 1180 triangles
Info) Computing isosurface using isovalue: -0.100000
Info) Computed isosurface: 1200 triangles
Info) Computing isosurface using isovalue: -0.100000
Info) Computed isosurface: 1200 triangles
Info) Computing isosurface using isovalue: -0.100000
Info) Computed isosurface: 1172 triangles
Info) Computing isosurface using isovalue: -0.100000
Info) Computed isosurface: 1172 triangles
Info) Computing isosurface using isovalue: -0.100000
Info) Computed isosurface: 1172 triangles
Info) Computing isosurface using isovalue: -0.100000
Info) Computed isosurface: 1172 triangles
Info) Computing isosurface using isovalue: -0.100000
Info) Computed isosurface: 16 triangles
Info) Computing isosurface using isovalue: -0.100000
Info) Computed isosurface: 16 triangles
Info) Computing isosurface using isovalue: -0.100000
Info) Computed isosurface: 0 triangles
Info) Computing isosurface using isovalue: -0.100000
Info) Computed isosurface: 0 triangles
Info) Computing {{1.000000 0.000000 0.000000 -5.000000} {0.000000 1.000000 0.000000 -5.000000} {0.000000 0.000000 1.000000 -6.000008} {0.000000 0.000000 0.000000 1.000000}} {{-0.158073 0.056051 -0.985835 0.000000} {-0.536720 0.833144 0.133429 0.000000} {0.828822 0.550209 -0.101613 0.000000} {0.000000 0.000000 0.000000 1.000000}} {{0.512046 0.000000 0.000000 0.000000} {0.000000 0.512046 0.000000 0.000000} {0.000000 0.000000 0.512046 0.000000} {0.000000 0.000000 0.000000 1.000000}} {{1.000000 0.000000 0.000000 0.000000} {0.000000 1.000000 0.000000 0.000000} {0.000000 0.000000 1.000000 0.000000} {0.000000 0.000000 0.000000 1.000000}}
0
0
Unable to change color name
vmd > isosurface using isovalue: -0.100000
Info) Computed isosurface: 16 triangles
Info) Computing isosurface using isovalue: -0.100000
Info) Computed isosurface: 16 triangles
Info) Computing isosurface using isovalue: 0.100000
Info) Computed isosurface: 0 triangles
Info) Computing isosurface using isovalue: 0.100000
Info) Computed isosurface: 0 triangles
Info) Computing isosurface using isovalue: 0.100000
Info) Computed isosurface: 16 triangles
Info) Computing isosurface using isovalue: 0.100000
Info) Computed isosurface: 16 triangles
Info) Computing isosurface using isovalue: 0.100000
Info) Computed isosurface: 16 triangles
Info) Computing isosurface using isovalue: 0.100000
Info) Computed isosurface: 16 triangles
Info) Rendering current scene to 'b2h6-local-orbs.tga' ...
Info) Tachyon: preprocessing time 0.015510 sec, render time 2.834259 sec.
Info) Rendering complete.
Info) VMD for LINUX, version 1.8.2 (December 4, 2003)
Info) Exiting normally.
+ vmd -dispdev none -size 600 400 -e b2h6-rho.vmd
Unable to change color name
Found 1 plugins or data handlers in directory
	'/home/akohlmey/vmd/plugins/LINUX/molfile'.
/home/akohlmey/vmd/plugins/noarch/tcl/gaussfe /opt/vmd-1.8.2/lib/scripts/tcl /opt/vmd-1.8.2/lib/scripts /opt/vmd-1.8.2/lib /usr/local/lib /opt/vmd-1.8.2/lib/scripts/vmd /opt/vmd-1.8.2/lib/plugins/LINUX/tcl /opt/vmd-1.8.2/lib/plugins/noarch/tcl
/home/akohlmey/vmd/plugins/LINUX/tcl/hey /home/akohlmey/vmd/plugins/noarch/tcl/gaussfe /opt/vmd-1.8.2/lib/scripts/tcl /opt/vmd-1.8.2/lib/scripts /opt/vmd-1.8.2/lib /usr/local/lib /opt/vmd-1.8.2/lib/scripts/vmd /opt/vmd-1.8.2/lib/plugins/LINUX/tcl /opt/vmd-1.8.2/lib/plugins/noarch/tcl
/home/akohlmey/vmd/scripts/tcl /home/akohlmey/vmd/plugins/LINUX/tcl/hey /home/akohlmey/vmd/plugins/noarch/tcl/gaussfe /opt/vmd-1.8.2/lib/scripts/tcl /opt/vmd-1.8.2/lib/scripts /opt/vmd-1.8.2/lib /usr/local/lib /opt/vmd-1.8.2/lib/scripts/vmd /opt/vmd-1.8.2/lib/plugins/LINUX/tcl /opt/vmd-1.8.2/lib/plugins/noarch/tcl
Gaussian Frontend activated
cubeplugin) trying to read cube data set 0
0
{{1.000000 0.000000 0.000000 -5.000000} {0.000000 1.000000 0.000000 -5.000000} {0.000000 0.000000 1.000000 -6.000008} {0.000000 0.000000 0.000000 1.000000}} {{-0.158073 0.056051 -0.985835 0.000000} {-0.536720 0.833144 0.133429 0.000000} {0.828822 0.550209 -0.101613 0.000000} {0.000000 0.000000 0.000000 1.000000}} {{0.512046 0.000000 0.000000 0.000000} {0.000000 0.512046 0.000000 0.000000} {0.000000 0.000000 0.512046 0.000000} {0.000000 0.000000 0.000000 1.000000}} {{1.000000 0.000000 0.000000 0.000000} {0.000000 1.000000 0.000000 0.000000} {0.000000 0.000000 1.000000 0.000000} {0.000000 0.000000 0.000000 1.000000}}
0
0
Unable to change color name
vmd > Info) VMD for LINUX, version 1.8.2 (December 4, 2003)
Info) http://www.ks.uiuc.edu/Research/vmd/                         
Info) Email questions and bug reports to vmd@ks.uiuc.edu           
Info) Please include this reference in published work using VMD:   
Info)    Humphrey, W., Dalke, A. and Schulten, K., `VMD - Visual   
Info)    Molecular Dynamics', J. Molec. Graphics 1996, 14.1, 33-38.
Info) -------------------------------------------------------------
Info) Multithreading available, 1 CPU detected.
Info) Using plugin cube for structure file b2h6-rho.cube
Info) Computing volume gradient map for smooth shading...
Info) Added volume data, name=Gaussian Cube:  CPMD CUBE FILE: ./RHO_TOT.cube
Info) Using plugin cube for coordinates from file b2h6-rho.cube
Info) Determining bond structure from distance search ...
Info) Finished with coordinate file b2h6-rho.cube.
Info) Analyzing structure ...
Info)    Atoms: 8
Info)    Residues: 1
Info)    Waters: 0
Info)    Segments: 1
Info)    Fragments: 1   Protein: 0   Nucleic: 0
Info) Computing isosurface using isovalue: 0.010000
Info) Computed isosurface: 5720 triangles
Info) Computing isosurface using isovalue: 0.010000
Info) Computed isosurface: 5720 triangles
Info) Computing isosurface using isovalue: 0.120000
Info) Computed isosurface: 1968 triangles
Info) Computing isosurface using isovalue: 0.120000
Info) Computed isosurface: 1968 triangles
Info) Rendering current scene to 'b2h6-rho.tga' ...
Info) Tachyon: preprocessing time 0.016727 sec, render time 2.579586 sec.
Info) Rendering complete.
Info) VMD for LINUX, version 1.8.2 (December 4, 2003)
Info) Exiting normally.
+ vmd -dispdev none -size 600 400 -e b2h6-ksorb-1.vmd
Unable to change color name
Found 1 plugins or data handlers in directory
	'/home/akohlmey/vmd/plugins/LINUX/molfile'.
/home/akohlmey/vmd/plugins/noarch/tcl/gaussfe /opt/vmd-1.8.2/lib/scripts/tcl /opt/vmd-1.8.2/lib/scripts /opt/vmd-1.8.2/lib /usr/local/lib /opt/vmd-1.8.2/lib/scripts/vmd /opt/vmd-1.8.2/lib/plugins/LINUX/tcl /opt/vmd-1.8.2/lib/plugins/noarch/tcl
/home/akohlmey/vmd/plugins/LINUX/tcl/hey /home/akohlmey/vmd/plugins/noarch/tcl/gaussfe /opt/vmd-1.8.2/lib/scripts/tcl /opt/vmd-1.8.2/lib/scripts /opt/vmd-1.8.2/lib /usr/local/lib /opt/vmd-1.8.2/lib/scripts/vmd /opt/vmd-1.8.2/lib/plugins/LINUX/tcl /opt/vmd-1.8.2/lib/plugins/noarch/tcl
/home/akohlmey/vmd/scripts/tcl /home/akohlmey/vmd/plugins/LINUX/tcl/hey /home/akohlmey/vmd/plugins/noarch/tcl/gaussfe /opt/vmd-1.8.2/lib/scripts/tcl /opt/vmd-1.8.2/lib/scripts /opt/vmd-1.8.2/lib /usr/local/lib /opt/vmd-1.8.2/lib/scripts/vmd /opt/vmd-1.8.2/lib/plugins/LINUX/tcl /opt/vmd-1.8.2/lib/plugins/noarch/tcl
Gaussian Frontend activated
cubeplugin) trying to read cube data set 0
0
{{1.000000 0.000000 0.000000 -5.000000} {0.000000 1.000000 0.000000 -5.000000} {0.000000 0.000000 1.000000 -6.000008} {0.000000 0.000000 0.000000 1.000000}} {{-0.158073 0.056051 -0.985835 0.000000} {-0.536720 0.833144 0.133429 0.000000} {0.828822 0.550209 -0.101613 0.000000} {0.000000 0.000000 0.000000 1.000000}} {{0.512046 0.000000 0.000000 0.000000} {0.000000 0.512046 0.000000 0.000000} {0.000000 0.000000 0.512046 0.000000} {0.000000 0.000000 0.000000 1.000000}} {{1.000000 0.000000 0.000000 0.000000} {0.000000 1.000000 0.000000 0.000000} {0.000000 0.000000 1.000000 0.000000} {0.000000 0.000000 0.000000 1.000000}}
0
0
Unable to change color name
vmd > Info) VMD for LINUX, version 1.8.2 (December 4, 2003)
Info) http://www.ks.uiuc.edu/Research/vmd/                         
Info) Email questions and bug reports to vmd@ks.uiuc.edu           
Info) Please include this reference in published work using VMD:   
Info)    Humphrey, W., Dalke, A. and Schulten, K., `VMD - Visual   
Info)    Molecular Dynamics', J. Molec. Graphics 1996, 14.1, 33-38.
Info) -------------------------------------------------------------
Info) Multithreading available, 1 CPU detected.
Info) Using plugin cube for structure file b2h6-orb-01.cube
Info) Computing volume gradient map for smooth shading...
Info) Added volume data, name=Gaussian Cube:  CPMD CUBE FILE: PSI.001.cube
Info) Using plugin cube for coordinates from file b2h6-orb-01.cube
Info) Determining bond structure from distance search ...
Info) Finished with coordinate file b2h6-orb-01.cube.
Info) Analyzing structure ...
Info)    Atoms: 8
Info)    Residues: 1
Info)    Waters: 0
Info)    Segments: 1
Info)    Fragments: 1   Protein: 0   Nucleic: 0
Info) Computing isosurface using isovalue: 2.000000
Info) Computed isosurface: 0 triangles
Info) Computing isosurface using isovalue: 2.000000
Info) Computed isosurface: 0 triangles
Info) Computing isosurface using isovalue: -2.000000
Info) Computed isosurface: 4904 triangles
Info) Computing isosurface using isovalue: -2.000000
Info) Computed isosurface: 4904 triangles
Info) Rendering current scene to 'b2h6-ksorb-1.tga' ...
Info) Tachyon: preprocessing time 0.010382 sec, render time 2.118053 sec.
Info) Rendering complete.
Info) VMD for LINUX, version 1.8.2 (December 4, 2003)
Info) Exiting normally.
+ vmd -dispdev none -size 600 400 -e b2h6-ksorb-6.vmd
Unable to change color name
Found 1 plugins or data handlers in directory
	'/home/akohlmey/vmd/plugins/LINUX/molfile'.
/home/akohlmey/vmd/plugins/noarch/tcl/gaussfe /opt/vmd-1.8.2/lib/scripts/tcl /opt/vmd-1.8.2/lib/scripts /opt/vmd-1.8.2/lib /usr/local/lib /opt/vmd-1.8.2/lib/scripts/vmd /opt/vmd-1.8.2/lib/plugins/LINUX/tcl /opt/vmd-1.8.2/lib/plugins/noarch/tcl
/home/akohlmey/vmd/plugins/LINUX/tcl/hey /home/akohlmey/vmd/plugins/noarch/tcl/gaussfe /opt/vmd-1.8.2/lib/scripts/tcl /opt/vmd-1.8.2/lib/scripts /opt/vmd-1.8.2/lib /usr/local/lib /opt/vmd-1.8.2/lib/scripts/vmd /opt/vmd-1.8.2/lib/plugins/LINUX/tcl /opt/vmd-1.8.2/lib/plugins/noarch/tcl
/home/akohlmey/vmd/scripts/tcl /home/akohlmey/vmd/plugins/LINUX/tcl/hey /home/akohlmey/vmd/plugins/noarch/tcl/gaussfe /opt/vmd-1.8.2/lib/scripts/tcl /opt/vmd-1.8.2/lib/scripts /opt/vmd-1.8.2/lib /usr/local/lib /opt/vmd-1.8.2/lib/scripts/vmd /opt/vmd-1.8.2/lib/plugins/LINUX/tcl /opt/vmd-1.8.2/lib/plugins/noarch/tcl
Gaussian Frontend activated
cubeplugin) trying to read cube data set 0
0
{{1.000000 0.000000 0.000000 -5.000000} {0.000000 1.000000 0.000000 -5.000000} {0.000000 0.000000 1.000000 -6.000008} {0.000000 0.000000 0.000000 1.000000}} {{-0.158073 0.056051 -0.985835 0.000000} {-0.536720 0.833144 0.133429 0.000000} {0.828822 0.550209 -0.101613 0.000000} {0.000000 0.000000 0.000000 1.000000}} {{0.512046 0.000000 0.000000 0.000000} {0.000000 0.512046 0.000000 0.000000} {0.000000 0.000000 0.512046 0.000000} {0.000000 0.000000 0.000000 1.000000}} {{1.000000 0.000000 0.000000 0.000000} {0.000000 1.000000 0.000000 0.000000} {0.000000 0.000000 1.000000 0.000000} {0.000000 0.000000 0.000000 1.000000}}
0
0
Unable to change color name
vmd > Info) VMD for LINUX, version 1.8.2 (December 4, 2003)
Info) http://www.ks.uiuc.edu/Research/vmd/                         
Info) Email questions and bug reports to vmd@ks.uiuc.edu           
Info) Please include this reference in published work using VMD:   
Info)    Humphrey, W., Dalke, A. and Schulten, K., `VMD - Visual   
Info)    Molecular Dynamics', J. Molec. Graphics 1996, 14.1, 33-38.
Info) -------------------------------------------------------------
Info) Multithreading available, 1 CPU detected.
Info) Using plugin cube for structure file b2h6-orb-06.cube
Info) Computing volume gradient map for smooth shading...
Info) Added volume data, name=Gaussian Cube:  CPMD CUBE FILE: PSI.006.cube
Info) Using plugin cube for coordinates from file b2h6-orb-06.cube
Info) Determining bond structure from distance search ...
Info) Finished with coordinate file b2h6-orb-06.cube.
Info) Analyzing structure ...
Info)    Atoms: 8
Info)    Residues: 1
Info)    Waters: 0
Info)    Segments: 1
Info)    Fragments: 1   Protein: 0   Nucleic: 0
Info) Computing isosurface using isovalue: 2.000000
Info) Computed isosurface: 4040 triangles
Info) Computing isosurface using isovalue: 2.000000
Info) Computed isosurface: 4040 triangles
Info) Computing isosurface using isovalue: -2.000000
Info) Computed isosurface: 4040 triangles
Info) Computing isosurface using isovalue: -2.000000
Info) Computed isosurface: 4040 triangles
Info) Rendering current scene to 'b2h6-ksorb-6.tga' ...
Info) Tachyon: preprocessing time 0.017324 sec, render time 3.557155 sec.
Info) Rendering complete.
Info) VMD for LINUX, version 1.8.2 (December 4, 2003)
Info) Exiting normally.
+ vmd -dispdev none -size 600 400 -e b2h6-ksorb-7.vmd
Unable to change color name
Found 1 plugins or data handlers in directory
	'/home/akohlmey/vmd/plugins/LINUX/molfile'.
/home/akohlmey/vmd/plugins/noarch/tcl/gaussfe /opt/vmd-1.8.2/lib/scripts/tcl /opt/vmd-1.8.2/lib/scripts /opt/vmd-1.8.2/lib /usr/local/lib /opt/vmd-1.8.2/lib/scripts/vmd /opt/vmd-1.8.2/lib/plugins/LINUX/tcl /opt/vmd-1.8.2/lib/plugins/noarch/tcl
/home/akohlmey/vmd/plugins/LINUX/tcl/hey /home/akohlmey/vmd/plugins/noarch/tcl/gaussfe /opt/vmd-1.8.2/lib/scripts/tcl /opt/vmd-1.8.2/lib/scripts /opt/vmd-1.8.2/lib /usr/local/lib /opt/vmd-1.8.2/lib/scripts/vmd /opt/vmd-1.8.2/lib/plugins/LINUX/tcl /opt/vmd-1.8.2/lib/plugins/noarch/tcl
/home/akohlmey/vmd/scripts/tcl /home/akohlmey/vmd/plugins/LINUX/tcl/hey /home/akohlmey/vmd/plugins/noarch/tcl/gaussfe /opt/vmd-1.8.2/lib/scripts/tcl /opt/vmd-1.8.2/lib/scripts /opt/vmd-1.8.2/lib /usr/local/lib /opt/vmd-1.8.2/lib/scripts/vmd /opt/vmd-1.8.2/lib/plugins/LINUX/tcl /opt/vmd-1.8.2/lib/plugins/noarch/tcl
Gaussian Frontend activated
cubeplugin) trying to read cube data set 0
0
{{1.000000 0.000000 0.000000 -5.000000} {0.000000 1.000000 0.000000 -5.000000} {0.000000 0.000000 1.000000 -6.000008} {0.000000 0.000000 0.000000 1.000000}} {{-0.158073 0.056051 -0.985835 0.000000} {-0.536720 0.833144 0.133429 0.000000} {0.828822 0.550209 -0.101613 0.000000} {0.000000 0.000000 0.000000 1.000000}} {{0.512046 0.000000 0.000000 0.000000} {0.000000 0.512046 0.000000 0.000000} {0.000000 0.000000 0.512046 0.000000} {0.000000 0.000000 0.000000 1.000000}} {{1.000000 0.000000 0.000000 0.000000} {0.000000 1.000000 0.000000 0.000000} {0.000000 0.000000 1.000000 0.000000} {0.000000 0.000000 0.000000 1.000000}}
0
0
Unable to change color name
vmd > Info) VMD for LINUX, version 1.8.2 (December 4, 2003)
Info) http://www.ks.uiuc.edu/Research/vmd/                         
Info) Email questions and bug reports to vmd@ks.uiuc.edu           
Info) Please include this reference in published work using VMD:   
Info)    Humphrey, W., Dalke, A. and Schulten, K., `VMD - Visual   
Info)    Molecular Dynamics', J. Molec. Graphics 1996, 14.1, 33-38.
Info) -------------------------------------------------------------
Info) Multithreading available, 1 CPU detected.
Info) Using plugin cube for structure file b2h6-orb-07.cube
Info) Computing volume gradient map for smooth shading...
Info) Added volume data, name=Gaussian Cube:  CPMD CUBE FILE: PSI.007.cube
Info) Using plugin cube for coordinates from file b2h6-orb-07.cube
Info) Determining bond structure from distance search ...
Info) Finished with coordinate file b2h6-orb-07.cube.
Info) Analyzing structure ...
Info)    Atoms: 8
Info)    Residues: 1
Info)    Waters: 0
Info)    Segments: 1
Info)    Fragments: 1   Protein: 0   Nucleic: 0
Info) Computing isosurface using isovalue: 2.000000
Info) Computed isosurface: 4976 triangles
Info) Computing isosurface using isovalue: 2.000000
Info) Computed isosurface: 4976 triangles
Info) Computing isosurface using isovalue: -2.000000
Info) Computed isosurface: 4976 triangles
Info) Computing isosurface using isovalue: -2.000000
Info) Computed isosurface: 4976 triangles
Info) Rendering current scene to 'b2h6-ksorb-7.tga' ...
Info) Tachyon: preprocessing time 0.021152 sec, render time 4.162295 sec.
Info) Rendering complete.
Info) VMD for LINUX, version 1.8.2 (December 4, 2003)
Info) Exiting normally.
+ vmd -dispdev none -size 600 400 -e b2h6-ksorb-8.vmd
Unable to change color name
Found 1 plugins or data handlers in directory
	'/home/akohlmey/vmd/plugins/LINUX/molfile'.
/home/akohlmey/vmd/plugins/noarch/tcl/gaussfe /opt/vmd-1.8.2/lib/scripts/tcl /opt/vmd-1.8.2/lib/scripts /opt/vmd-1.8.2/lib /usr/local/lib /opt/vmd-1.8.2/lib/scripts/vmd /opt/vmd-1.8.2/lib/plugins/LINUX/tcl /opt/vmd-1.8.2/lib/plugins/noarch/tcl
/home/akohlmey/vmd/plugins/LINUX/tcl/hey /home/akohlmey/vmd/plugins/noarch/tcl/gaussfe /opt/vmd-1.8.2/lib/scripts/tcl /opt/vmd-1.8.2/lib/scripts /opt/vmd-1.8.2/lib /usr/local/lib /opt/vmd-1.8.2/lib/scripts/vmd /opt/vmd-1.8.2/lib/plugins/LINUX/tcl /opt/vmd-1.8.2/lib/plugins/noarch/tcl
/home/akohlmey/vmd/scripts/tcl /home/akohlmey/vmd/plugins/LINUX/tcl/hey /home/akohlmey/vmd/plugins/noarch/tcl/gaussfe /opt/vmd-1.8.2/lib/scripts/tcl /opt/vmd-1.8.2/lib/scripts /opt/vmd-1.8.2/lib /usr/local/lib /opt/vmd-1.8.2/lib/scripts/vmd /opt/vmd-1.8.2/lib/plugins/LINUX/tcl /opt/vmd-1.8.2/lib/plugins/noarch/tcl
Gaussian Frontend activated
cubeplugin) trying to read cube data set 0
0
{{1.000000 0.000000 0.000000 -5.000000} {0.000000 1.000000 0.000000 -5.000000} {0.000000 0.000000 1.000000 -6.000008} {0.000000 0.000000 0.000000 1.000000}} {{-0.158073 0.056051 -0.985835 0.000000} {-0.536720 0.833144 0.133429 0.000000} {0.828822 0.550209 -0.101613 0.000000} {0.000000 0.000000 0.000000 1.000000}} {{0.512046 0.000000 0.000000 0.000000} {0.000000 0.512046 0.000000 0.000000} {0.000000 0.000000 0.512046 0.000000} {0.000000 0.000000 0.000000 1.000000}} {{1.000000 0.000000 0.000000 0.000000} {0.000000 1.000000 0.000000 0.000000} {0.000000 0.000000 1.000000 0.000000} {0.000000 0.000000 0.000000 1.000000}}
0
0
Unable to change color name
vmd > Info) VMD for LINUX, version 1.8.2 (December 4, 2003)
Info) http://www.ks.uiuc.edu/Research/vmd/                         
Info) Email questions and bug reports to vmd@ks.uiuc.edu           
Info) Please include this reference in published work using VMD:   
Info)    Humphrey, W., Dalke, A. and Schulten, K., `VMD - Visual   
Info)    Molecular Dynamics', J. Molec. Graphics 1996, 14.1, 33-38.
Info) -------------------------------------------------------------
Info) Multithreading available, 1 CPU detected.
Info) Using plugin cube for structure file b2h6-orb-08.cube
Info) Computing volume gradient map for smooth shading...
Info) Added volume data, name=Gaussian Cube:  CPMD CUBE FILE: PSI.008.cube
Info) Using plugin cube for coordinates from file b2h6-orb-08.cube
Info) Determining bond structure from distance search ...
Info) Finished with coordinate file b2h6-orb-08.cube.
Info) Analyzing structure ...
Info)    Atoms: 8
Info)    Residues: 1
Info)    Waters: 0
Info)    Segments: 1
Info)    Fragments: 1   Protein: 0   Nucleic: 0
Info) Computing isosurface using isovalue: 2.000000
Info) Computed isosurface: 1640 triangles
Info) Computing isosurface using isovalue: 2.000000
Info) Computed isosurface: 1640 triangles
Info) Computing isosurface using isovalue: -2.000000
Info) Computed isosurface: 6544 triangles
Info) Computing isosurface using isovalue: -2.000000
Info) Computed isosurface: 6544 triangles
Info) Rendering current scene to 'b2h6-ksorb-8.tga' ...
Info) Tachyon: preprocessing time 0.017811 sec, render time 3.535472 sec.
Info) Rendering complete.
Info) VMD for LINUX, version 1.8.2 (December 4, 2003)
Info) Exiting normally.

# clean up the mess from this run.
rm -f RESTART* DENSITY* EL* LATEST GEOMETRY* GSHELL \
    *.pdb WANNIER* OVERLAP WFNCOEF
+ rm -f RESTART.1 DENSITY ELF ELPOT LATEST GEOMETRY GEOMETRY.xyz GSHELL b2h6-dens.pdb b2h6-elf.pdb b2h6-elpot.pdb b2h6-local-1.pdb WANNIER_1.1 WANNIER_1.2 WANNIER_1.3 WANNIER_1.4 WANNIER_1.5 WANNIER_1.6 WANNIER_CENTER OVERLAP WFNCOEF
exit 0
+ exit 0
